Проверка активного закрытия соединения при превышении значения тайм-аута t1
Отчет о результатах автоматического тестирования


Время создания отчёта: 15:55:17
Параметры подключения к серверу IEC 60870-5_104:
IP-адрес: 10.1.32.253 
TCP-порт: 2404

    Параметры протокола IEC 60870-5 104 для сервера:
    k = 12
    w = 8
    t1 = 15
    t2 = 10
    t3 = 20


Параметры протокола IEC 60870-5 104 для клиента:
	k = 12
	w = 8
	t1 = 15
	t2 = 10
	t3 = 20
ОТКЛЮЧЕНА функция автоматической отправки клиентом подтверждения (APDU формата S).
Таймер T3 клиента отключен. 
Клиентом был отправлен блок данных U-формата, содержащий функцию STARTDT_Act.
Сервером был отправлен ответ: блок данных U-формата, содержащий функцию STARTDT_Con.
Журнал событий:
	55:17.975: TCP-соединение установлено.
	55:20.947: Клиентом отправлен блок данных формата  U_FRAME. Тип функции: STARTDT_ACT.
	55:20.950: Клиентом получен блок данных формата  U_FRAME. Тип функции: STARTDT_CON.
	55:20.950: Клиентом получен блок данных формата  I_FRAME_PROCESS_INFO_MON_DIR. Передаваемый порядковый номер N(S): 0; принимаемый порядковый номер N(R): 0
	55:20.952: Клиентом получен блок данных формата  I_FRAME_PROCESS_INFO_MON_DIR. Передаваемый порядковый номер N(S): 1; принимаемый порядковый номер N(R): 0
	55:36.313: TCP-соединение прекращено. 
	55:36.313: Клиентом отправлен блок данных формата  S_FRAME. Принимаемый порядковый номер: 2.
