Проверка активного закрытия соединения при превышении значения тайм-аута t1
Отчет о результатах автоматического тестирования


Время создания отчёта: 18:46:34
Параметры подключения к серверу IEC 60870-5_104:
IP-адрес: 10.1.32.253 
TCP-порт: 2404

    Параметры протокола IEC 60870-5 104 для сервера:
    k = 12
    w = 8
    t1 = 15
    t2 = 10
    t3 = 20


Параметры протокола IEC 60870-5 104 для клиента:
	k = 12
	w = 8
	t1 = 15
	t2 = 10
	t3 = 20
ОТКЛЮЧЕНА функция автоматической отправки клиентом подтверждения (APDU формата S).
Таймер T3 клиента отключен. 
Клиентом был отправлен блок данных U-формата, содержащий функцию STARTDT_Act.
Сервером был отправлен ответ: блок данных U-формата, содержащий функцию STARTDT_Con.
Журнал событий:
	46:35.1: TCP-соединение установлено.
	46:37.967: Клиентом отправлен блок данных формата  U_FRAME. Тип функции: STARTDT_ACT.
	46:37.970: Клиентом получен блок данных формата  U_FRAME. Тип функции: STARTDT_CON.
	46:37.970: Клиентом получен блок данных формата  I_FRAME_PROCESS_INFO_MON_DIR. Передаваемый порядковый номер N(S): 0; принимаемый порядковый номер N(R): 0
	46:37.971: Клиентом получен блок данных формата  I_FRAME_PROCESS_INFO_MON_DIR. Передаваемый порядковый номер N(S): 1; принимаемый порядковый номер N(R): 0
	46:53.128: TCP-соединение прекращено. 
	46:53.128: Клиентом отправлен блок данных формата  S_FRAME. Принимаемый порядковый номер: 2.
	46:54.468: TCP-соединение установлено.
	46:54.970: Клиентом отправлен блок данных формата  S_FRAME. Принимаемый порядковый номер: 2.
	46:54.970: Клиентом отправлен блок данных формата  S_FRAME. Принимаемый порядковый номер: 0.
	46:54.970: Клиентом отправлен блок данных формата  U_FRAME. Тип функции: STOPDT_ACT.
	46:54.971: TCP-соединение прекращено. 
